

*******************************************************************************
Thu Feb  6 10:54:02 2020


FIT:    data read from "order_of_summation_new.dat" using 1:4
        format = x:z
        x range restricted to [6.50000 : 7.00000]
        #datapoints = 68
        residuals are weighted equally (unit weight)

function used for fitting: f(x)
	f(x)=a*x+b
fitted parameters initialized with current variable values

iter      chisq       delta/lim  lambda   a             b            
   0 6.4375475860e+03   0.00e+00  4.86e+00    1.000000e+00   1.000000e+00
   5 2.2534266176e-01  -7.34e-03  4.86e-05    1.521411e+00  -1.227235e+01

After 5 iterations the fit converged.
final sum of squares of residuals : 0.225343
rel. change during last iteration : -7.34169e-08

degrees of freedom    (FIT_NDF)                        : 66
rms of residuals      (FIT_STDFIT) = sqrt(WSSR/ndf)    : 0.0584319
variance of residuals (reduced chisquare) = WSSR/ndf   : 0.00341428

Final set of parameters            Asymptotic Standard Error
=======================            ==========================
a               = 1.52141          +/- 0.05077      (3.337%)
b               = -12.2724         +/- 0.345        (2.812%)

correlation matrix of the fit parameters:
                a      b      
a               1.000 
b              -1.000  1.000 


*******************************************************************************
Thu Feb  6 10:54:55 2020


FIT:    data read from "order_of_summation_new.dat" using 1:4
        format = x:z
        x range restricted to [6.70000 : 7.00000]
        #datapoints = 49
        residuals are weighted equally (unit weight)

function used for fitting: f(x)
	f(x)=a*x+b
fitted parameters initialized with current variable values

iter      chisq       delta/lim  lambda   a             b            
   0 8.6209171403e-02   0.00e+00  1.14e+01    1.521411e+00  -1.227235e+01
   5 3.6223865508e-03  -6.95e-05  1.14e-04    1.038706e+00  -8.951263e+00

After 5 iterations the fit converged.
final sum of squares of residuals : 0.00362239
rel. change during last iteration : -6.95102e-10

degrees of freedom    (FIT_NDF)                        : 47
rms of residuals      (FIT_STDFIT) = sqrt(WSSR/ndf)    : 0.00877907
variance of residuals (reduced chisquare) = WSSR/ndf   : 7.70721e-05

Final set of parameters            Asymptotic Standard Error
=======================            ==========================
a               = 1.03871          +/- 0.01492      (1.437%)
b               = -8.95126         +/- 0.1025       (1.145%)

correlation matrix of the fit parameters:
                a      b      
a               1.000 
b              -1.000  1.000 


*******************************************************************************
Fri Feb  7 09:39:45 2020


FIT:    data read from "order_of_summation_new.dat" using 1:4
        format = x:z
        x range restricted to [6.70000 : 7.00000]
        #datapoints = 49
        residuals are weighted equally (unit weight)

function used for fitting: f(x)
	f(x)=a*x+b
fitted parameters initialized with current variable values

iter      chisq       delta/lim  lambda   a             b            
   0 4.5966060497e+03   0.00e+00  4.91e+00    1.000000e+00   1.000000e+00
   6 3.6223865508e-03  -1.36e-08  4.91e-06    1.038706e+00  -8.951263e+00

After 6 iterations the fit converged.
final sum of squares of residuals : 0.00362239
rel. change during last iteration : -1.35645e-13

degrees of freedom    (FIT_NDF)                        : 47
rms of residuals      (FIT_STDFIT) = sqrt(WSSR/ndf)    : 0.00877907
variance of residuals (reduced chisquare) = WSSR/ndf   : 7.70721e-05

Final set of parameters            Asymptotic Standard Error
=======================            ==========================
a               = 1.03871          +/- 0.01492      (1.437%)
b               = -8.95126         +/- 0.1025       (1.145%)

correlation matrix of the fit parameters:
                a      b      
a               1.000 
b              -1.000  1.000 
